<?xml version="1.0" encoding="UTF-8"?>
<testng-results skipped="0" failed="0" ignored="0" total="2" passed="2">
  <reporter-output>
  </reporter-output>
  <suite name="Suite" duration-ms="14388" started-at="2019-11-19T03:23:14Z" finished-at="2019-11-19T03:23:28Z">
    <groups>
    </groups>
    <test name="Test on Chrome" duration-ms="5728" started-at="2019-11-19T03:23:14Z" finished-at="2019-11-19T03:23:20Z">
      <class name="com.mercuryframework.TestNGExample">
        <test-method status="PASS" signature="beforeClass(java.lang.String, java.lang.String)[pri:0, instance:com.mercuryframework.TestNGExample@146ba0ac]" name="beforeClass" is-config="true" duration-ms="4156" started-at="2019-11-19T03:23:14Z" finished-at="2019-11-19T03:23:18Z">
          <params>
            <param index="0">
              <value>
                <![CDATA[http://automationpractice.com/index.php]]>
              </value>
            </param>
            <param index="1">
              <value>
                <![CDATA[Chrome]]>
              </value>
            </param>
          </params>
          <reporter-output>
          </reporter-output>
        </test-method> <!-- beforeClass -->
        <test-method status="PASS" signature="searchBlouses()[pri:0, instance:com.mercuryframework.TestNGExample@146ba0ac]" name="searchBlouses" duration-ms="1489" started-at="2019-11-19T03:23:18Z" finished-at="2019-11-19T03:23:20Z">
          <reporter-output>
          </reporter-output>
        </test-method> <!-- searchBlouses -->
        <test-method status="PASS" signature="afterClass()[pri:0, instance:com.mercuryframework.TestNGExample@146ba0ac]" name="afterClass" is-config="true" duration-ms="71" started-at="2019-11-19T03:23:20Z" finished-at="2019-11-19T03:23:20Z">
          <reporter-output>
          </reporter-output>
        </test-method> <!-- afterClass -->
      </class> <!-- com.mercuryframework.TestNGExample -->
    </test> <!-- Test on Chrome -->
    <test name="Test on Firefox" duration-ms="8654" started-at="2019-11-19T03:23:20Z" finished-at="2019-11-19T03:23:28Z">
      <class name="com.mercuryframework.TestNGExample">
        <test-method status="PASS" signature="beforeClass(java.lang.String, java.lang.String)[pri:0, instance:com.mercuryframework.TestNGExample@6e1567f1]" name="beforeClass" is-config="true" duration-ms="5775" started-at="2019-11-19T03:23:20Z" finished-at="2019-11-19T03:23:25Z">
          <params>
            <param index="0">
              <value>
                <![CDATA[http://automationpractice.com/index.php]]>
              </value>
            </param>
            <param index="1">
              <value>
                <![CDATA[Firefox]]>
              </value>
            </param>
          </params>
          <reporter-output>
          </reporter-output>
        </test-method> <!-- beforeClass -->
        <test-method status="PASS" signature="searchBlouses()[pri:0, instance:com.mercuryframework.TestNGExample@6e1567f1]" name="searchBlouses" duration-ms="1298" started-at="2019-11-19T03:23:25Z" finished-at="2019-11-19T03:23:27Z">
          <reporter-output>
          </reporter-output>
        </test-method> <!-- searchBlouses -->
        <test-method status="PASS" signature="afterClass()[pri:0, instance:com.mercuryframework.TestNGExample@6e1567f1]" name="afterClass" is-config="true" duration-ms="1578" started-at="2019-11-19T03:23:27Z" finished-at="2019-11-19T03:23:28Z">
          <reporter-output>
          </reporter-output>
        </test-method> <!-- afterClass -->
      </class> <!-- com.mercuryframework.TestNGExample -->
    </test> <!-- Test on Firefox -->
  </suite> <!-- Suite -->
</testng-results>
