<?xml version="1.0" encoding="UTF-8"?>
<testng-results skipped="0" failed="0" ignored="0" total="1" passed="1">
  <reporter-output>
  </reporter-output>
  <suite name="Default suite" duration-ms="5340" started-at="2019-11-19T01:28:38Z" finished-at="2019-11-19T01:28:44Z">
    <groups>
    </groups>
    <test name="Default test" duration-ms="5340" started-at="2019-11-19T01:28:38Z" finished-at="2019-11-19T01:28:44Z">
      <class name="com.mercuryframework.TestNGExample">
        <test-method status="PASS" signature="beforeClass()[pri:0, instance:com.mercuryframework.TestNGExample@77cd7a0]" name="beforeClass" is-config="true" duration-ms="4014" started-at="2019-11-19T01:28:38Z" finished-at="2019-11-19T01:28:42Z">
          <reporter-output>
          </reporter-output>
        </test-method> <!-- beforeClass -->
        <test-method status="PASS" signature="searchBlouses()[pri:0, instance:com.mercuryframework.TestNGExample@77cd7a0]" name="searchBlouses" duration-ms="1244" started-at="2019-11-19T01:28:42Z" finished-at="2019-11-19T01:28:44Z">
          <reporter-output>
          </reporter-output>
        </test-method> <!-- searchBlouses -->
        <test-method status="PASS" signature="afterClass()[pri:0, instance:com.mercuryframework.TestNGExample@77cd7a0]" name="afterClass" is-config="true" duration-ms="65" started-at="2019-11-19T01:28:44Z" finished-at="2019-11-19T01:28:44Z">
          <reporter-output>
          </reporter-output>
        </test-method> <!-- afterClass -->
      </class> <!-- com.mercuryframework.TestNGExample -->
    </test> <!-- Default test -->
  </suite> <!-- Default suite -->
</testng-results>
