<?xml version="1.0" encoding="UTF-8"?>
<testng-results skipped="0" failed="0" ignored="0" total="2" passed="2">
  <reporter-output>
  </reporter-output>
  <suite name="Default suite" duration-ms="10906" started-at="2019-10-28T05:07:05Z" finished-at="2019-10-28T05:07:16Z">
    <groups>
    </groups>
    <test name="Default test" duration-ms="10906" started-at="2019-10-28T05:07:05Z" finished-at="2019-10-28T05:07:16Z">
      <class name="com.sample.Sample01.Sample01ApplicationTests">
        <test-method status="PASS" signature="setup()[pri:0, instance:com.sample.Sample01.Sample01ApplicationTests@4667ae56]" name="setup" is-config="true" duration-ms="8741" started-at="2019-10-28T05:07:05Z" finished-at="2019-10-28T05:07:14Z">
          <reporter-output>
          </reporter-output>
        </test-method> <!-- setup -->
        <test-method status="PASS" signature="facebookTitle()[pri:1, instance:com.sample.Sample01.Sample01ApplicationTests@4667ae56]" name="facebookTitle" duration-ms="25" started-at="2019-10-28T05:07:14Z" finished-at="2019-10-28T05:07:14Z">
          <reporter-output>
          </reporter-output>
        </test-method> <!-- facebookTitle -->
        <test-method status="PASS" signature="facebookLogin()[pri:2, instance:com.sample.Sample01.Sample01ApplicationTests@4667ae56]" name="facebookLogin" duration-ms="2050" started-at="2019-10-28T05:07:14Z" finished-at="2019-10-28T05:07:16Z">
          <reporter-output>
          </reporter-output>
        </test-method> <!-- facebookLogin -->
        <test-method status="PASS" signature="tearDown()[pri:0, instance:com.sample.Sample01.Sample01ApplicationTests@4667ae56]" name="tearDown" is-config="true" duration-ms="69" started-at="2019-10-28T05:07:16Z" finished-at="2019-10-28T05:07:16Z">
          <reporter-output>
          </reporter-output>
        </test-method> <!-- tearDown -->
      </class> <!-- com.sample.Sample01.Sample01ApplicationTests -->
    </test> <!-- Default test -->
  </suite> <!-- Default suite -->
</testng-results>
