<?xml version="1.0" encoding="UTF-8"?>
<!-- Generated by org.testng.reporters.JUnitXMLReporter -->
<testsuite hostname="Developer" ignored="0" name="Default test" tests="3" failures="0" timestamp="28 Oct 2019 06:05:24 GMT" time="25.37" errors="0">
  <testcase name="facebookTitle" time="0.039" classname="com.sample.Sample01.Sample01ApplicationTests"/>
  <testcase name="facebookLogin" time="1.325" classname="com.sample.Sample01.Sample01ApplicationTests"/>
  <testcase name="scrollFacebook" time="15.205" classname="com.sample.Sample01.Sample01ApplicationTests"/>
</testsuite> <!-- Default test -->
