<?xml version="1.0" encoding="UTF-8"?>
<testng-results skipped="0" failed="0" ignored="0" total="1" passed="1">
  <reporter-output>
  </reporter-output>
  <suite name="Default suite" duration-ms="4234" started-at="2019-11-24T22:37:49Z" finished-at="2019-11-24T22:37:53Z">
    <groups>
    </groups>
    <test name="Default test" duration-ms="4234" started-at="2019-11-24T22:37:49Z" finished-at="2019-11-24T22:37:53Z">
      <class name="PageFactory.LoginWithPageFactory">
        <test-method status="PASS" signature="AfterClass()[pri:0, instance:PageFactory.LoginWithPageFactory@91161c7]" name="AfterClass" is-config="true" duration-ms="10" started-at="2019-11-24T22:37:49Z" finished-at="2019-11-24T22:37:49Z">
          <reporter-output>
          </reporter-output>
        </test-method> <!-- AfterClass -->
        <test-method status="PASS" signature="BeforeClass()[pri:0, instance:PageFactory.LoginWithPageFactory@91161c7]" name="BeforeClass" is-config="true" duration-ms="3041" started-at="2019-11-24T22:37:49Z" finished-at="2019-11-24T22:37:52Z">
          <reporter-output>
          </reporter-output>
        </test-method> <!-- BeforeClass -->
        <test-method status="PASS" signature="testHomePageAppearCorrect()[pri:0, instance:PageFactory.LoginWithPageFactory@91161c7]" name="testHomePageAppearCorrect" duration-ms="1145" started-at="2019-11-24T22:37:52Z" finished-at="2019-11-24T22:37:53Z">
          <reporter-output>
          </reporter-output>
        </test-method> <!-- testHomePageAppearCorrect -->
      </class> <!-- PageFactory.LoginWithPageFactory -->
    </test> <!-- Default test -->
  </suite> <!-- Default suite -->
</testng-results>
