<?xml version="1.0" encoding="UTF-8"?>
<testng-results skipped="0" failed="0" ignored="0" total="1" passed="1">
  <reporter-output>
  </reporter-output>
  <suite name="Default suite" duration-ms="6203" started-at="2019-11-24T21:54:07Z" finished-at="2019-11-24T21:54:13Z">
    <groups>
    </groups>
    <test name="Default test" duration-ms="6203" started-at="2019-11-24T21:54:07Z" finished-at="2019-11-24T21:54:13Z">
      <class name="POM.loginPOM">
        <test-method status="PASS" signature="BeforeClass()[pri:0, instance:POM.loginPOM@1bce4f0a]" name="BeforeClass" is-config="true" duration-ms="2918" started-at="2019-11-24T21:54:07Z" finished-at="2019-11-24T21:54:10Z">
          <reporter-output>
          </reporter-output>
        </test-method> <!-- BeforeClass -->
        <test-method status="PASS" signature="testHomePageAppearCorrect()[pri:0, instance:POM.loginPOM@1bce4f0a]" name="testHomePageAppearCorrect" duration-ms="3082" started-at="2019-11-24T21:54:10Z" finished-at="2019-11-24T21:54:13Z">
          <reporter-output>
          </reporter-output>
        </test-method> <!-- testHomePageAppearCorrect -->
        <test-method status="PASS" signature="AfterClass()[pri:0, instance:POM.loginPOM@1bce4f0a]" name="AfterClass" is-config="true" duration-ms="168" started-at="2019-11-24T21:54:13Z" finished-at="2019-11-24T21:54:13Z">
          <reporter-output>
          </reporter-output>
        </test-method> <!-- AfterClass -->
      </class> <!-- POM.loginPOM -->
    </test> <!-- Default test -->
  </suite> <!-- Default suite -->
</testng-results>
